<?xml version="1.0" encoding="UTF-8"?>
<!-- Generated by org.testng.reporters.JUnitReportReporter -->
<testsuite hostname="DESKTOP-C404MS1" failures="0" tests="1" name="lab6.firsttestngfile" time="0.015" errors="0" timestamp="2020-06-16T08:57:50 ICT" skipped="0">
  <testcase classname="lab6.firsttestngfile" name="verifyHomepageTitle" time="0.015"/>
  <system-out/>
</testsuite> <!-- lab6.firsttestngfile -->
